<?xml version="1.0" encoding="UTF-8"?>
<!-- Generated by org.testng.reporters.JUnitReportReporter -->
<testsuite hostname="DESKTOP-V5NCMV5" failures="0" tests="1" name="demoRCB1.RCB" time="2.697" errors="0" timestamp="2022-08-22T22:31:52 IST" skipped="0">
  <testcase classname="demoRCB1.RCB" name="RCBparsing" time="2.697"/>
  <system-out/>
</testsuite> <!-- demoRCB1.RCB -->
